"C:/Users/Usuario/Desktop/Project_Doom/Content/AnimStarterPack/UE4_Mannequin/Mesh/UE4_Mannequin_Skeleton.uasset" 0
"C:/Users/Usuario/Desktop/Project_Doom/Content/AnimStarterPack/Aim_Space_Hip.uasset" 1
"C:/Users/Usuario/Desktop/Project_Doom/Content/AnimStarterPack/Aim_Space_Ironsights.uasset" 2
"C:/Users/Usuario/Desktop/Project_Doom/Content/AnimStarterPack/Crouch_to_Stand_Rifle_Hip.uasset" 3
"C:/Users/Usuario/Desktop/Project_Doom/Content/AnimStarterPack/Crouch_to_Stand_Rifle_Ironsights.uasset" 4
"C:/Users/Usuario/Desktop/Project_Doom/Content/AnimStarterPack/Crouch_Walk_Bwd_Rifle_Ironsights.uasset" 5
"C:/Users/Usuario/Desktop/Project_Doom/Content/AnimStarterPack/Crouch_Walk_Lt_Rifle_Ironsights.uasset" 6
"C:/Users/Usuario/Desktop/Project_Doom/Content/AnimStarterPack/Crouch_Walk_Rt_Rifle_Ironsights.uasset" 7
"C:/Users/Usuario/Desktop/Project_Doom/Content/AnimStarterPack/Death_1.uasset" 8
"C:/Users/Usuario/Desktop/Project_Doom/Content/AnimStarterPack/Death_2.uasset" 9
"C:/Users/Usuario/Desktop/Project_Doom/Content/AnimStarterPack/Death_3.uasset" 10
"C:/Users/Usuario/Desktop/Project_Doom/Content/AnimStarterPack/Death_Ironsights_1.uasset" 11
"C:/Users/Usuario/Desktop/Project_Doom/Content/AnimStarterPack/Death_Ironsights_2.uasset" 12
"C:/Users/Usuario/Desktop/Project_Doom/Content/AnimStarterPack/Equip_Rifle_Standing.uasset" 13
"C:/Users/Usuario/Desktop/Project_Doom/Content/AnimStarterPack/Fire_Rifle_Hip.uasset" 14
"C:/Users/Usuario/Desktop/Project_Doom/Content/AnimStarterPack/Fire_Shotgun_Hip.uasset" 15
"C:/Users/Usuario/Desktop/Project_Doom/Content/AnimStarterPack/Fire_Shotgun_Ironsights.uasset" 16
"C:/Users/Usuario/Desktop/Project_Doom/Content/AnimStarterPack/Hit_React_4.uasset" 17
"C:/Users/Usuario/Desktop/Project_Doom/Content/AnimStarterPack/Idle_Pistol.uasset" 18
"C:/Users/Usuario/Desktop/Project_Doom/Content/AnimStarterPack/Idle_Rifle_Ironsights.uasset" 19
"C:/Users/Usuario/Desktop/Project_Doom/Content/AnimStarterPack/Jump_From_Stand_Ironsights.uasset" 20
"C:/Users/Usuario/Desktop/Project_Doom/Content/AnimStarterPack/Prone_Death_1.uasset" 21
"C:/Users/Usuario/Desktop/Project_Doom/Content/AnimStarterPack/Prone_Death_2.uasset" 22
"C:/Users/Usuario/Desktop/Project_Doom/Content/AnimStarterPack/Prone_Fire_1.uasset" 23
"C:/Users/Usuario/Desktop/Project_Doom/Content/AnimStarterPack/Prone_Fire_2.uasset" 24
"C:/Users/Usuario/Desktop/Project_Doom/Content/AnimStarterPack/Prone_Idle.uasset" 25
"C:/Users/Usuario/Desktop/Project_Doom/Content/AnimStarterPack/Prone_Reload_Rifle.uasset" 26
"C:/Users/Usuario/Desktop/Project_Doom/Content/AnimStarterPack/Prone_Reload_Shotgun.uasset" 27
"C:/Users/Usuario/Desktop/Project_Doom/Content/AnimStarterPack/Prone_To_Stand.uasset" 28
"C:/Users/Usuario/Desktop/Project_Doom/Content/AnimStarterPack/Reload_Pistol.uasset" 29
"C:/Users/Usuario/Desktop/Project_Doom/Content/AnimStarterPack/Reload_Rifle_Ironsights.uasset" 30
"C:/Users/Usuario/Desktop/Project_Doom/Content/AnimStarterPack/Reload_Shotgun_Hip.uasset" 31
"C:/Users/Usuario/Desktop/Project_Doom/Content/AnimStarterPack/Reload_Shotgun_Ironsights.uasset" 32
"C:/Users/Usuario/Desktop/Project_Doom/Content/AnimStarterPack/Sprint_Fwd_Rifle.uasset" 33
"C:/Users/Usuario/Desktop/Project_Doom/Content/AnimStarterPack/Stand_to_Crouch_Rifle_Hip.uasset" 34
"C:/Users/Usuario/Desktop/Project_Doom/Content/AnimStarterPack/Stand_to_Crouch_Rifle_Ironsights.uasset" 35
"C:/Users/Usuario/Desktop/Project_Doom/Content/AnimStarterPack/Stand_To_Prone.uasset" 36
"C:/Users/Usuario/Desktop/Project_Doom/Content/AnimStarterPack/Walk_Bwd_Rifle_Ironsights.uasset" 37
"C:/Users/Usuario/Desktop/Project_Doom/Content/AnimStarterPack/Walk_Lt_Rifle_Ironsights.uasset" 38
"C:/Users/Usuario/Desktop/Project_Doom/Content/AnimStarterPack/Walk_Rt_Rifle_Ironsights.uasset" 39
"C:/Users/Usuario/Desktop/Project_Doom/Content/Character/Swat_Skeleton.uasset" 40
"C:/Users/Usuario/Desktop/Project_Doom/Content/Character/Animations/crouching_turn_90_left.uasset" 41
"C:/Users/Usuario/Desktop/Project_Doom/Content/Character/Animations/crouching_turn_90_right.uasset" 42
"C:/Users/Usuario/Desktop/Project_Doom/Content/Character/Animations/death_crouching_headshot_front.uasset" 43
"C:/Users/Usuario/Desktop/Project_Doom/Content/Character/Animations/death_from_back_headshot.uasset" 44
"C:/Users/Usuario/Desktop/Project_Doom/Content/Character/Animations/death_from_front_headshot.uasset" 45
"C:/Users/Usuario/Desktop/Project_Doom/Content/Character/Animations/death_from_right.uasset" 46
"C:/Users/Usuario/Desktop/Project_Doom/Content/Character/Animations/death_from_the_back.uasset" 47
"C:/Users/Usuario/Desktop/Project_Doom/Content/Character/Animations/death_from_the_front.uasset" 48
"C:/Users/Usuario/Desktop/Project_Doom/Content/Character/Animations/idle.uasset" 49
"C:/Users/Usuario/Desktop/Project_Doom/Content/Character/Animations/idle_crouching.uasset" 50
"C:/Users/Usuario/Desktop/Project_Doom/Content/Character/Animations/idle_crouching_aiming.uasset" 51
"C:/Users/Usuario/Desktop/Project_Doom/Content/Character/Animations/jump_down.uasset" 52
"C:/Users/Usuario/Desktop/Project_Doom/Content/Character/Animations/jump_loop.uasset" 53
"C:/Users/Usuario/Desktop/Project_Doom/Content/Character/Animations/jump_up.uasset" 54
"C:/Users/Usuario/Desktop/Project_Doom/Content/Character/Animations/reloading_inPlace.uasset" 55
"C:/Users/Usuario/Desktop/Project_Doom/Content/Character/Animations/run_backward_left_inPlace.uasset" 56
"C:/Users/Usuario/Desktop/Project_Doom/Content/Character/Animations/run_backward_right_inPlace.uasset" 57
"C:/Users/Usuario/Desktop/Project_Doom/Content/Character/Animations/run_forward_left_inPlace.uasset" 58
"C:/Users/Usuario/Desktop/Project_Doom/Content/Character/Animations/run_forward_right_inPlace.uasset" 59
"C:/Users/Usuario/Desktop/Project_Doom/Content/Character/Animations/sprint_backward_inPlace.uasset" 60
"C:/Users/Usuario/Desktop/Project_Doom/Content/Character/Animations/sprint_backward_left_inPlace.uasset" 61
"C:/Users/Usuario/Desktop/Project_Doom/Content/Character/Animations/sprint_backward_right_inPlace.uasset" 62
"C:/Users/Usuario/Desktop/Project_Doom/Content/Character/Animations/sprint_forward_inPlace.uasset" 63
"C:/Users/Usuario/Desktop/Project_Doom/Content/Character/Animations/sprint_forward_left_inPlace.uasset" 64
"C:/Users/Usuario/Desktop/Project_Doom/Content/Character/Animations/sprint_forward_right_inPlace.uasset" 65
"C:/Users/Usuario/Desktop/Project_Doom/Content/Character/Animations/sprint_left_inPlace.uasset" 66
"C:/Users/Usuario/Desktop/Project_Doom/Content/Character/Animations/sprint_right_inPlace.uasset" 67
"C:/Users/Usuario/Desktop/Project_Doom/Content/Character/Animations/turn_90_left.uasset" 68
"C:/Users/Usuario/Desktop/Project_Doom/Content/Character/Animations/turn_90_right.uasset" 69
"C:/Users/Usuario/Desktop/Project_Doom/Content/Character/Animations/walk_backward_left_inPlace.uasset" 70
"C:/Users/Usuario/Desktop/Project_Doom/Content/Character/Animations/walk_backward_right_inPlace.uasset" 71
"C:/Users/Usuario/Desktop/Project_Doom/Content/Character/Animations/walk_crouching_backward_inPlace.uasset" 72
"C:/Users/Usuario/Desktop/Project_Doom/Content/Character/Animations/walk_crouching_backward_left_inPlace.uasset" 73
"C:/Users/Usuario/Desktop/Project_Doom/Content/Character/Animations/walk_crouching_backward_right_inPlace.uasset" 74
"C:/Users/Usuario/Desktop/Project_Doom/Content/Character/Animations/walk_crouching_forward_inPlace.uasset" 75
"C:/Users/Usuario/Desktop/Project_Doom/Content/Character/Animations/walk_crouching_forward_left_inPlace.uasset" 76
"C:/Users/Usuario/Desktop/Project_Doom/Content/Character/Animations/walk_crouching_forward_right_inPlace.uasset" 77
"C:/Users/Usuario/Desktop/Project_Doom/Content/Character/Animations/walk_crouching_left_inPlace.uasset" 78
"C:/Users/Usuario/Desktop/Project_Doom/Content/Character/Animations/walk_crouching_right_inPlace.uasset" 79
"C:/Users/Usuario/Desktop/Project_Doom/Content/Character/Animations/walk_forward_left_inPlace.uasset" 80
"C:/Users/Usuario/Desktop/Project_Doom/Content/Character/Animations/walk_forward_right_inPlace.uasset" 81
"C:/Users/Usuario/Desktop/Project_Doom/Content/Images/58032967_2417317521664064_3923242953182543872_n.uasset" 82
"C:/Users/Usuario/Desktop/Project_Doom/Content/Images/crosshair_small.uasset" 83
"C:/Users/Usuario/Desktop/Project_Doom/Content/StarterContent/Materials/M_Basic_Wall.uasset" 84
"C:/Users/Usuario/Desktop/Project_Doom/Content/StarterContent/Architecture/Pillar_50x500.uasset" 85
"C:/Users/Usuario/Desktop/Project_Doom/Content/StarterContent/Architecture/Wall_400x300.uasset" 86
"C:/Users/Usuario/Desktop/Project_Doom/Content/StarterContent/Architecture/Wall_400x400.uasset" 87
"C:/Users/Usuario/Desktop/Project_Doom/Content/StarterContent/Architecture/Wall_Door_400x400.uasset" 88
"C:/Users/Usuario/Desktop/Project_Doom/Content/StarterContent/Architecture/Wall_Window_400x400.uasset" 89
"C:/Users/Usuario/Desktop/Project_Doom/Content/StarterContent/Audio/Collapse01.uasset" 90
"C:/Users/Usuario/Desktop/Project_Doom/Content/StarterContent/Audio/Collapse02.uasset" 91
"C:/Users/Usuario/Desktop/Project_Doom/Content/StarterContent/Audio/Explosion01.uasset" 92
"C:/Users/Usuario/Desktop/Project_Doom/Content/StarterContent/Audio/Explosion02.uasset" 93
"C:/Users/Usuario/Desktop/Project_Doom/Content/StarterContent/Audio/Fire01.uasset" 94
"C:/Users/Usuario/Desktop/Project_Doom/Content/StarterContent/Audio/Fire_Sparks01.uasset" 95
"C:/Users/Usuario/Desktop/Project_Doom/Content/StarterContent/Audio/Light01.uasset" 96
"C:/Users/Usuario/Desktop/Project_Doom/Content/StarterContent/Audio/Light01_Cue.uasset" 97
"C:/Users/Usuario/Desktop/Project_Doom/Content/StarterContent/Audio/Light02.uasset" 98
"C:/Users/Usuario/Desktop/Project_Doom/Content/StarterContent/Audio/Light02_Cue.uasset" 99
"C:/Users/Usuario/Desktop/Project_Doom/Content/StarterContent/Audio/Smoke01.uasset" 100
"C:/Users/Usuario/Desktop/Project_Doom/Content/StarterContent/Audio/Starter_Birds01.uasset" 101
"C:/Users/Usuario/Desktop/Project_Doom/Content/StarterContent/Audio/Starter_Music01.uasset" 102
"C:/Users/Usuario/Desktop/Project_Doom/Content/StarterContent/Audio/Starter_Wind05.uasset" 103
"C:/Users/Usuario/Desktop/Project_Doom/Content/StarterContent/Audio/Starter_Wind06.uasset" 104
"C:/Users/Usuario/Desktop/Project_Doom/Content/StarterContent/Audio/Steam01.uasset" 105
"C:/Users/Usuario/Desktop/Project_Doom/Content/StarterContent/Audio/Explosion_Cue.uasset" 106
"C:/Users/Usuario/Desktop/Project_Doom/Content/StarterContent/Textures/T_Burst_M.uasset" 107
"C:/Users/Usuario/Desktop/Project_Doom/Content/StarterContent/Particles/Materials/M_Burst.uasset" 108
"C:/Users/Usuario/Desktop/Project_Doom/Content/StarterContent/Textures/T_Explosion_SubUV.uasset" 109
"C:/Users/Usuario/Desktop/Project_Doom/Content/StarterContent/Particles/Materials/M_explosion_subUV.uasset" 110
"C:/Users/Usuario/Desktop/Project_Doom/Content/StarterContent/Particles/Materials/m_flare_01.uasset" 111
"../../../Engine/Content/Functions/Engine_MaterialFunctions01/Gradient/RadialGradient.uasset" 112
"C:/Users/Usuario/Desktop/Project_Doom/Content/StarterContent/Particles/Materials/M_radial_ramp.uasset" 113
"C:/Users/Usuario/Desktop/Project_Doom/Content/StarterContent/Textures/T_Smoke_SubUV.uasset" 114
"C:/Users/Usuario/Desktop/Project_Doom/Content/StarterContent/Textures/T_Smoke_Tiled_D.uasset" 115
"C:/Users/Usuario/Desktop/Project_Doom/Content/StarterContent/Particles/Materials/M_smoke_subUV.uasset" 116
"C:/Users/Usuario/Desktop/Project_Doom/Content/StarterContent/Particles/P_Explosion.uasset" 117
"C:/Users/Usuario/Desktop/Project_Doom/Content/StarterContent/Blueprints/Blueprint_Effect_Explosion.uasset" 118
"../../../Engine/Content/EditorMeshes/ColorCalibrator/T_ColorGrid.uasset" 119
"C:/Users/Usuario/Desktop/Project_Doom/Content/StarterContent/Materials/M_ColorGrid_LowSpec.uasset" 120
"C:/Users/Usuario/Desktop/Project_Doom/Content/StarterContent/Textures/T_Bush_D.uasset" 121
"C:/Users/Usuario/Desktop/Project_Doom/Content/StarterContent/Textures/T_Bush_N.uasset" 122
"C:/Users/Usuario/Desktop/Project_Doom/Content/StarterContent/Props/Materials/M_Bush.uasset" 123
"C:/Users/Usuario/Desktop/Project_Doom/Content/StarterContent/Props/SM_Bush.uasset" 124
"C:/Users/Usuario/Desktop/Project_Doom/Content/StarterContent/Textures/T_Chair_M.uasset" 125
"C:/Users/Usuario/Desktop/Project_Doom/Content/StarterContent/Textures/T_Chair_N.uasset" 126
"C:/Users/Usuario/Desktop/Project_Doom/Content/StarterContent/Props/Materials/M_Chair.uasset" 127
"C:/Users/Usuario/Desktop/Project_Doom/Content/StarterContent/Props/SM_Couch.uasset" 128
"C:/Users/Usuario/Desktop/Project_Doom/Content/StarterContent/Materials/M_Glass.uasset" 129
"C:/Users/Usuario/Desktop/Project_Doom/Content/StarterContent/Textures/T_Door_M.uasset" 130
"C:/Users/Usuario/Desktop/Project_Doom/Content/StarterContent/Textures/T_Door_N.uasset" 131
"C:/Users/Usuario/Desktop/Project_Doom/Content/StarterContent/Props/Materials/M_Door.uasset" 132
"C:/Users/Usuario/Desktop/Project_Doom/Content/StarterContent/Props/SM_Door.uasset" 133
"C:/Users/Usuario/Desktop/Project_Doom/Content/StarterContent/Props/Materials/M_MaterialSphere.uasset" 134
"C:/Users/Usuario/Desktop/Project_Doom/Content/StarterContent/Props/Materials/M_MaterialSphere_Plain.uasset" 135
"C:/Users/Usuario/Desktop/Project_Doom/Content/StarterContent/Props/SM_MatPreviewMesh_02.uasset" 136
"../../../Engine/Content/Functions/Engine_MaterialFunctions02/Utility/BlendAngleCorrectedNormals.uasset" 137
"C:/Users/Usuario/Desktop/Project_Doom/Content/StarterContent/Textures/T_Detail_Rocky_N.uasset" 138
"C:/Users/Usuario/Desktop/Project_Doom/Content/StarterContent/Textures/T_Rock_Basalt_D.uasset" 139
"C:/Users/Usuario/Desktop/Project_Doom/Content/StarterContent/Textures/T_RockMesh_M.uasset" 140
"C:/Users/Usuario/Desktop/Project_Doom/Content/StarterContent/Textures/T_RockMesh_N.uasset" 141
"C:/Users/Usuario/Desktop/Project_Doom/Content/StarterContent/Props/Materials/M_Rock.uasset" 142
"C:/Users/Usuario/Desktop/Project_Doom/Content/StarterContent/Props/SM_Rock.uasset" 143
"C:/Users/Usuario/Desktop/Project_Doom/Content/StarterContent/Textures/T_Shelf_M.uasset" 144
"C:/Users/Usuario/Desktop/Project_Doom/Content/StarterContent/Textures/T_Shelf_N.uasset" 145
"C:/Users/Usuario/Desktop/Project_Doom/Content/StarterContent/Props/Materials/M_Shelf.uasset" 146
"C:/Users/Usuario/Desktop/Project_Doom/Content/StarterContent/Props/SM_Shelf.uasset" 147
"C:/Users/Usuario/Desktop/Project_Doom/Content/StarterContent/Materials/M_Basic_Floor.uasset" 148
"C:/Users/Usuario/Desktop/Project_Doom/Content/StarterContent/Props/SM_Stairs.uasset" 149
"C:/Users/Usuario/Desktop/Project_Doom/Content/StarterContent/Shapes/Shape_Cone.uasset" 150
"C:/Users/Usuario/Desktop/Project_Doom/Content/StarterContent/Shapes/Shape_Cylinder.uasset" 151
"C:/Users/Usuario/Desktop/Project_Doom/Content/StarterContent/Shapes/Shape_Pipe.uasset" 152
"C:/Users/Usuario/Desktop/Project_Doom/Content/StarterContent/Shapes/Shape_Pipe_180.uasset" 153
"C:/Users/Usuario/Desktop/Project_Doom/Content/StarterContent/Shapes/Shape_Pipe_90.uasset" 154
"C:/Users/Usuario/Desktop/Project_Doom/Content/StarterContent/Shapes/Shape_Plane.uasset" 155
"C:/Users/Usuario/Desktop/Project_Doom/Content/StarterContent/Shapes/Shape_Torus.uasset" 156
"C:/Users/Usuario/Desktop/Project_Doom/Content/StarterContent/Shapes/Shape_Trim.uasset" 157
"C:/Users/Usuario/Desktop/Project_Doom/Content/StarterContent/Shapes/Shape_Trim_90_In.uasset" 158
"C:/Users/Usuario/Desktop/Project_Doom/Content/StarterContent/Shapes/Shape_Trim_90_Out.uasset" 159
"C:/Users/Usuario/Desktop/Project_Doom/Content/StarterContent/Shapes/Shape_TriPyramid.uasset" 160
"C:/Users/Usuario/Desktop/Project_Doom/Content/StarterContent/Shapes/Shape_Tube.uasset" 161
"C:/Users/Usuario/Desktop/Project_Doom/Content/StarterContent/Shapes/Shape_Wedge_A.uasset" 162
"C:/Users/Usuario/Desktop/Project_Doom/Content/StarterContent/Shapes/Shape_Wedge_B.uasset" 163
"C:/Users/Usuario/Desktop/Project_Doom/Content/StarterContent/Shapes/Shape_WideCapsule.uasset" 164
"../../../Engine/Content/Functions/MaterialLayerFunctions/MatLayerBlend_AO.uasset" 165
"../../../Engine/Content/Functions/MaterialLayerFunctions/MatLayerBlend_NormalBlend.uasset" 166
"../../../Engine/Content/Functions/MaterialLayerFunctions/MatLayerBlend_Simple.uasset" 167
"C:/Users/Usuario/Desktop/Project_Doom/Content/UE4_Mannequin_Mobile/Materials/MaterialLayers/T_ML_Rubber_Blue_01_D.uasset" 168
"C:/Users/Usuario/Desktop/Project_Doom/Content/UE4_Mannequin_Mobile/Materials/MaterialLayers/T_ML_Rubber_Blue_01_N.uasset" 169
"C:/Users/Usuario/Desktop/Project_Doom/Content/UE4_Mannequin_Mobile/Materials/MaterialLayers/ML_GlossyBlack_Latex_UE4.uasset" 170
"C:/Users/Usuario/Desktop/Project_Doom/Content/UE4_Mannequin_Mobile/Materials/MaterialLayers/ML_Plastic_Shiny_Beige.uasset" 171
"C:/Users/Usuario/Desktop/Project_Doom/Content/UE4_Mannequin_Mobile/Textures/UE4_LOGO_CARD.uasset" 172
"C:/Users/Usuario/Desktop/Project_Doom/Content/UE4_Mannequin_Mobile/Materials/MaterialLayers/ML_Plastic_Shiny_Beige_LOGO.uasset" 173
"C:/Users/Usuario/Desktop/Project_Doom/Content/UE4_Mannequin_Mobile/Materials/MaterialLayers/T_ML_Aluminum01.uasset" 174
"C:/Users/Usuario/Desktop/Project_Doom/Content/UE4_Mannequin_Mobile/Materials/MaterialLayers/T_ML_Aluminum01_N.uasset" 175
"C:/Users/Usuario/Desktop/Project_Doom/Content/UE4_Mannequin_Mobile/Materials/MaterialLayers/ML_SoftMetal_UE4.uasset" 176
"C:/Users/Usuario/Desktop/Project_Doom/Content/UE4_Mannequin_Mobile/Textures/T_UE4_Mannequin_Mobile_M.uasset" 177
"C:/Users/Usuario/Desktop/Project_Doom/Content/UE4_Mannequin_Mobile/Textures/T_UE4_Mannequin_Mobile_N.uasset" 178
"C:/Users/Usuario/Desktop/Project_Doom/Content/UE4_Mannequin_Mobile/Textures/T_UE4_Mannequin_Mobile_O.uasset" 179
"C:/Users/Usuario/Desktop/Project_Doom/Content/UE4_Mannequin_Mobile/Materials/M_UE4Man_Body.uasset" 180
"C:/Users/Usuario/Desktop/Project_Doom/Content/UE4_Mannequin_Mobile/Textures/UE4Man_Logo_N.uasset" 181
"C:/Users/Usuario/Desktop/Project_Doom/Content/UE4_Mannequin_Mobile/Materials/M_UE4Man_ChestLogo.uasset" 182
"C:/Users/Usuario/Desktop/Project_Doom/Content/UE4_Mannequin_Mobile/Mesh/SK_Mannequin_Mobile_PhysicsAsset.uasset" 183
"C:/Users/Usuario/Desktop/Project_Doom/Content/UE4_Mannequin_Mobile/Mesh/SK_Mannequin_Mobile_Skeleton.uasset" 184
"C:/Users/Usuario/Desktop/Project_Doom/Content/UE4_Mannequin_Mobile/Mesh/SK_Mannequin_Mobile.uasset" 185
"../../../Engine/Content/Functions/Engine_MaterialFunctions01/Opacity/CameraDepthFade.uasset" 186
"../../../Engine/Content/EngineMaterials/T_Default_Material_Grid_M.uasset" 187
"../../../Engine/Content/EngineMaterials/T_Default_Material_Grid_N.uasset" 188
"../../../Engine/Content/EngineMaterials/WorldGridMaterial.uasset" 189
"../../../Engine/Content/ArtTools/RenderToTexture/Meshes/S_1_Unit_Plane.uasset" 190
"../../../Engine/Content/EngineMaterials/DefaultMaterial.uasset" 191
"../../../Engine/Content/BasicShapes/Cone.uasset" 192
"../../../Engine/Content/BasicShapes/Cylinder.uasset" 193
"../../../Engine/Content/BasicShapes/Plane.uasset" 194
"../../../Engine/Content/BasicShapes/Sphere.uasset" 195
"../../../Engine/Content/EditorLandscapeResources/DataLayer.uasset" 196
"../../../Engine/Content/EditorMaterials/GizmoMaterial.uasset" 197
"../../../Engine/Content/EditorMaterials/MAT_Groups_Toggle.uasset" 198
"../../../Engine/Content/EditorMaterials/MAT_Groups_Visibility.uasset" 199
"../../../Engine/Content/EditorMaterials/PreviewShadowIndicator.uasset" 200
"../../../Engine/Content/EditorMaterials/PreviewShadowIndicatorMaterial.uasset" 201
"../../../Engine/Content/EditorMaterials/MatineeGroups/MAT_ColorTrack.uasset" 202
"../../../Engine/Content/EditorMaterials/MatineeGroups/MAT_Groups_Anim.uasset" 203
"../../../Engine/Content/EditorMaterials/MatineeGroups/MAT_Groups_AudioMaster.uasset" 204
"../../../Engine/Content/EditorMaterials/MatineeGroups/MAT_Groups_Director.uasset" 205
"../../../Engine/Content/EditorMaterials/MatineeGroups/MAT_Groups_Event.uasset" 206
"../../../Engine/Content/EditorMaterials/MatineeGroups/MAT_Groups_Fade.uasset" 207
"../../../Engine/Content/EditorMaterials/MatineeGroups/MAT_Groups_Float.uasset" 208
"../../../Engine/Content/EditorMaterials/MatineeGroups/MAT_Groups_Move.uasset" 209
"../../../Engine/Content/EditorMaterials/MatineeGroups/MAT_Groups_Slomo.uasset" 210
"../../../Engine/Content/EditorMaterials/MatineeGroups/MAT_Groups_Sound.uasset" 211
"../../../Engine/Content/EditorMaterials/MatineeGroups/MAT_Groups_Vector.uasset" 212
"../../../Engine/Content/EditorMaterials/ParticleSystems/PSysThumbnail_NoImage.uasset" 213
"../../../Engine/Content/EditorMaterials/ParticleSystems/PSysThumbnail_OOD.uasset" 214
"../../../Engine/Content/EditorMaterials/Camera/CineMat.uasset" 215
"../../../Engine/Content/EditorMaterials/Camera/MI_CineMat_Rig.uasset" 216
"../../../Engine/Content/EditorMeshes/Camera/SM_CraneRig_Arm.uasset" 217
"../../../Engine/Content/EditorMeshes/Camera/SM_CraneRig_Base.uasset" 218
"../../../Engine/Content/EditorMeshes/Camera/SM_CraneRig_Body.uasset" 219
"../../../Engine/Content/EditorMeshes/Camera/SM_CraneRig_Mount.uasset" 220
"../../../Engine/Content/EditorMeshes/Camera/SM_RailRig_Mount.uasset" 221
"../../../Engine/Content/EditorMeshes/Camera/SM_RailRig_Track.uasset" 222
"../../../Engine/Content/EditorResources/BSPVertex.uasset" 223
"../../../Engine/Content/EditorResources/EmptyActor.uasset" 224
"../../../Engine/Content/EditorResources/S_Actor.uasset" 225
"../../../Engine/Content/EditorResources/S_Trigger.uasset" 226
"../../../Engine/Content/EditorResources/AudioIcons/S_AudioComponent.uasset" 227
"../../../Engine/Content/EditorResources/AudioIcons/S_AudioComponent_AutoActivate.uasset" 228
"../../../Engine/Content/EditorResources/LightIcons/S_LightError.uasset" 229
"../../../Engine/Content/EditorResources/SequenceRecorder/Countdown.uasset" 230
"../../../Engine/Content/EditorResources/SequenceRecorder/RecordingIndicator.uasset" 231
"../../../Engine/Content/EditorSounds/Notifications/CompileFailed.uasset" 232
"../../../Engine/Content/EditorSounds/Notifications/CompileFailed_Cue.uasset" 233
"../../../Engine/Content/EditorSounds/Notifications/CompileSuccess.uasset" 234
"../../../Engine/Content/EditorSounds/Notifications/CompileStart_Cue.uasset" 235
"../../../Engine/Content/EditorSounds/Notifications/CompileSuccess_Cue.uasset" 236
"../../../Engine/Content/EngineDamageTypes/DmgTypeBP_Environmental.uasset" 237
"../../../Engine/Content/EngineDebugMaterials/HeatmapGradient.uasset" 238
"../../../Engine/Content/EngineDebugMaterials/BoneWeightMaterial.uasset" 239
"../../../Engine/Content/EngineDebugMaterials/ClothMaterial.uasset" 240
"../../../Engine/Content/EngineDebugMaterials/ClothMaterial_WF.uasset" 241
"../../../Engine/Content/EngineDebugMaterials/DebugEditorMaterial.uasset" 242
"../../../Engine/Content/EngineDebugMaterials/DebugMeshMaterial.uasset" 243
"../../../Engine/Content/EngineDebugMaterials/GeomMaterial.uasset" 244
"../../../Engine/Content/EngineDebugMaterials/M_SimpleTranslucent.uasset" 245
"../../../Engine/Content/EngineFonts/Faces/RobotoBold.uasset" 246
"../../../Engine/Content/EngineFonts/Faces/RobotoBoldItalic.uasset" 247
"../../../Engine/Content/EngineFonts/Faces/RobotoItalic.uasset" 248
"../../../Engine/Content/EngineFonts/Faces/RobotoLight.uasset" 249
"../../../Engine/Content/EngineFonts/Faces/RobotoRegular.uasset" 250
"../../../Engine/Content/EngineFonts/Roboto.uasset" 251
"../../../Engine/Content/EngineFonts/Faces/RobotoTiny.uasset" 252
"../../../Engine/Content/EngineFonts/RobotoTiny.uasset" 253
"../../../Engine/Content/EngineMaterials/BaseFlattenDiffuseMap.uasset" 254
"../../../Engine/Content/EngineMaterials/BaseFlattenEmissiveMap.uasset" 255
"../../../Engine/Content/EngineMaterials/BaseFlattenGrayscaleMap.uasset" 256
"../../../Engine/Content/EngineMaterials/BaseFlattenNormalMap.uasset" 257
"../../../Engine/Content/EngineMaterials/BaseFlattenMaterial.uasset" 258
"../../../Engine/Content/EngineMaterials/DefaultBloomKernel.uasset" 259
"../../../Engine/Content/EngineMaterials/DefaultBokeh.uasset" 260
"../../../Engine/Content/EngineMaterials/DefaultDiffuse.uasset" 261
"../../../Engine/Content/EngineMaterials/DefaultDeferredDecalMaterial.uasset" 262
"../../../Engine/Content/EngineMaterials/DefaultLightFunctionMaterial.uasset" 263
"../../../Engine/Content/EngineMaterials/DefaultPhysicalMaterial.uasset" 264
"../../../Engine/Content/Functions/Engine_MaterialFunctions02/Utility/BreakOutFloat2Components.uasset" 265
"../../../Engine/Content/EngineMaterials/DefaultPostProcessMaterial.uasset" 266
"../../../Engine/Content/EngineFonts/RobotoDistanceField.uasset" 267
"../../../Engine/Content/EngineMaterials/DefaultTextMaterialOpaque.uasset" 268
"../../../Engine/Content/EngineMaterials/DefaultWhiteGrid.uasset" 269
"../../../Engine/Content/EngineMaterials/EditorBrushMaterial.uasset" 270
"../../../Engine/Content/EngineMaterials/Good64x64TilingNoiseHighFreq.uasset" 271
"../../../Engine/Content/EngineMaterials/MiniFont.uasset" 272
"../../../Engine/Content/EngineMaterials/InvalidLightmapSettings.uasset" 273
"../../../Engine/Content/EngineMaterials/M_InvalidLightmapSettings.uasset" 274
"../../../Engine/Content/Functions/Engine_MaterialFunctions02/WorldPositionOffset/CameraOffset.uasset" 275
"../../../Engine/Content/EngineMaterials/PhAT_JointLimitMaterial.uasset" 276
"../../../Engine/Content/EngineMaterials/PreintegratedSkinBRDF.uasset" 277
"../../../Engine/Content/EngineMaterials/RemoveSurfaceMaterial.uasset" 278
"../../../Engine/Content/EngineMaterials/WeightMapPlaceholderTexture.uasset" 279
"../../../Engine/Content/EngineResources/WhiteSquareTexture.uasset" 280
"../../../Engine/Content/EngineMaterials/Widget3DPassThrough.uasset" 281
"../../../Engine/Content/EngineMaterials/Widget3DPassThrough_Masked.uasset" 282
"../../../Engine/Content/EngineMaterials/Widget3DPassThrough_Opaque.uasset" 283
"../../../Engine/Content/EngineMaterials/Widget3DPassThrough_Masked_OneSided.uasset" 284
"../../../Engine/Content/EngineMaterials/Widget3DPassThrough_Opaque_OneSided.uasset" 285
"../../../Engine/Content/EngineMaterials/Widget3DPassThrough_Translucent.uasset" 286
"../../../Engine/Content/EngineMaterials/Widget3DPassThrough_Translucent_OneSided.uasset" 287
"../../../Engine/Content/EngineMeshes/Cylinder.uasset" 288
"../../../Engine/Content/EngineMeshes/Sphere.uasset" 289
"../../../Engine/Content/EngineResources/Black.uasset" 290
"../../../Engine/Content/EngineResources/DefaultTexture.uasset" 291
"../../../Engine/Content/EngineResources/DefaultTextureCube.uasset" 292
"../../../Engine/Content/EngineResources/DefaultVolumeTexture2D.uasset" 293
"../../../Engine/Content/EngineResources/DefaultVolumeTexture.uasset" 294
"../../../Engine/Content/EngineResources/GradientTexture0.uasset" 295
"../../../Engine/Content/EngineSounds/Master.uasset" 296
"../../../Engine/Content/Functions/Engine_MaterialFunctions01/Shading/ConvertFromDiffSpec.uasset" 297
"../../../Engine/Content/Functions/Engine_MaterialFunctions01/Shading/PowerToRoughness.uasset" 298
"../../../Engine/Content/Maps/Templates/Thumbnails/Default.uasset" 299
"../../../Engine/Content/Maps/Templates/Thumbnails/VR-Basic.uasset" 300
"../../../Engine/Content/MobileResources/T_MobileControls_texture.uasset" 301
"../../../Engine/Content/MobileResources/T_MobileMenu2.uasset" 302
"../../../Engine/Content/MobileResources/HUD/AnalogHat.uasset" 303
"../../../Engine/Content/MobileResources/HUD/VirtualJoystick_Background.uasset" 304
"../../../Engine/Content/MobileResources/HUD/VirtualJoystick_Thumb.uasset" 305
"../../../Engine/Content/MobileResources/HUD/DefaultVirtualJoysticks.uasset" 306
"../../../Engine/Content/MobileResources/HUD/LeftVirtualJoystickOnly.uasset" 307
"../../../Engine/Content/MobileResources/HUD/MobileHUDButton1_off.uasset" 308
"../../../Engine/Content/MobileResources/HUD/MobileHUDButton1_on.uasset" 309
"../../../Engine/Content/MobileResources/HUD/MobileHUDButton2_off.uasset" 310
"../../../Engine/Content/MobileResources/HUD/MobileHUDButton2_on.uasset" 311
"../../../Engine/Content/MobileResources/HUD/MobileHUDButton3.uasset" 312
"../../../Engine/Content/MobileResources/HUD/MobileHUDButtonFire.uasset" 313
"../../../Engine/Content/MobileResources/HUD/MobileHUDDirectionPad.uasset" 314
"../../../Engine/Content/MobileResources/HUD/MobileHUDDirectionPad2.uasset" 315
"../../../Engine/Content/MobileResources/HUD/MobileHUDDirectionPad3.uasset" 316
"../../../Engine/Content/MobileResources/HUD/MobileHUDDirectionStick.uasset" 317
"../../../Engine/Content/MobileResources/HUD/T_Castle_ThumbstickInner.uasset" 318
"../../../Engine/Content/MobileResources/HUD/T_Castle_ThumbstickOutter.uasset" 319
"../../../Engine/Content/Tutorial/ContentIntroCurve.uasset" 320
"../../../Engine/Content/VREditor/LaserPointer/VR_LaserPower_01.uasset" 321
"../../../Engine/Content/VREditor/TransformGizmo/TransformGizmoMaterial.uasset" 322
"../../../Engine/Content/VREditor/TransformGizmo/TranslucentTransformGizmoMaterial.uasset" 323
"../../../Engine/Content/VREditor/TransformGizmo/BoundingBoxCorner.uasset" 324
"../../../Engine/Content/VREditor/TransformGizmo/BoundingBoxEdge.uasset" 325
"../../../Engine/Content/VREditor/TransformGizmo/PlaneTranslationHandle.uasset" 326
"../../../Engine/Content/VREditor/TransformGizmo/Main.uasset" 327
"../../../Engine/Content/VREditor/TransformGizmo/Xray.uasset" 328
"../../../Engine/Content/VREditor/TransformGizmo/SM_Sequencer_Key.uasset" 329
"../../../Engine/Content/VREditor/TransformGizmo/SM_Sequencer_Node.uasset" 330
"../../Plugins/2D/Paper2D/Content/PlaceholderTextures/DummySpriteTexture.uasset" 331
"../../Plugins/2D/Paper2D/Content/DummySprite.uasset" 332
"../../Plugins/2D/Paper2D/Content/DefaultPaperTerrainMaterial.uasset" 333
"../../Plugins/2D/Paper2D/Content/DefaultSpriteMaterial.uasset" 334
"../../Plugins/2D/Paper2D/Content/MaskedUnlitSpriteMaterial.uasset" 335
"../../Plugins/2D/Paper2D/Content/OpaqueUnlitSpriteMaterial.uasset" 336
"../../Plugins/Runtime/Oculus/OculusVR/Content/Materials/PokeAHoleMaterial.uasset" 337
"../../Plugins/Runtime/Oculus/OculusVR/Content/Textures/GearVRController_AO.uasset" 338
"../../Plugins/Runtime/Oculus/OculusVR/Content/Textures/GearVRController_Color.uasset" 339
"../../Plugins/Runtime/Oculus/OculusVR/Content/Textures/GearVRController_Normal.uasset" 340
"../../Plugins/Runtime/Oculus/OculusVR/Content/Materials/GearVRControllerMaterial.uasset" 341
"../../Plugins/Runtime/Oculus/OculusVR/Content/Meshes/GearVrController.uasset" 342
"../../Plugins/Runtime/Oculus/OculusVR/Content/Textures/touchController_albedo.uasset" 343
"../../Plugins/Runtime/Oculus/OculusVR/Content/Textures/touchController_controlmap.uasset" 344
"../../Plugins/Runtime/Oculus/OculusVR/Content/Materials/touchController_mat.uasset" 345
"../../Plugins/Runtime/Oculus/OculusVR/Content/Meshes/LeftTouchController.uasset" 346
"../../Plugins/Runtime/Oculus/OculusVR/Content/Meshes/RiftHMD.uasset" 347
"../../Plugins/Runtime/Oculus/OculusVR/Content/Meshes/RightTouchController.uasset" 348
"C:/Users/Usuario/Desktop/Project_Doom/Content/AnimStarterPack/Crouch_Idle_Rifle_Hip.uasset" 349
"C:/Users/Usuario/Desktop/Project_Doom/Content/AnimStarterPack/Crouch_Idle_Rifle_Ironsights.uasset" 350
"C:/Users/Usuario/Desktop/Project_Doom/Content/AnimStarterPack/Crouch_Walk_Fwd_Rifle_Ironsights.uasset" 351
"C:/Users/Usuario/Desktop/Project_Doom/Content/AnimStarterPack/Equip_Pistol_Standing.uasset" 352
"C:/Users/Usuario/Desktop/Project_Doom/Content/AnimStarterPack/Fire_Rifle_Ironsights.uasset" 353
"C:/Users/Usuario/Desktop/Project_Doom/Content/AnimStarterPack/Hit_React_1.uasset" 354
"C:/Users/Usuario/Desktop/Project_Doom/Content/AnimStarterPack/Hit_React_2.uasset" 355
"C:/Users/Usuario/Desktop/Project_Doom/Content/AnimStarterPack/Hit_React_3.uasset" 356
"C:/Users/Usuario/Desktop/Project_Doom/Content/AnimStarterPack/Idle_Rifle_Hip_Break1.uasset" 357
"C:/Users/Usuario/Desktop/Project_Doom/Content/AnimStarterPack/Idle_Rifle_Hip_Break2.uasset" 358
"C:/Users/Usuario/Desktop/Project_Doom/Content/AnimStarterPack/Reload_Rifle_Hip.uasset" 359
"C:/Users/Usuario/Desktop/Project_Doom/Content/AnimStarterPack/Walk_Fwd_Rifle_Ironsights.uasset" 360
"../../../Engine/Content/EditorBlueprintResources/StandardMacros.uasset" 361
"../../../Engine/Content/EngineSky/C_Sky_Cloud_Color.uasset" 362
"../../../Engine/Content/EngineSky/C_Sky_Horizon_Color.uasset" 363
"../../../Engine/Content/EngineSky/C_Sky_Zenith_Color.uasset" 364
"../../../Engine/Content/EngineSky/T_Sky_Blue.uasset" 365
"../../../Engine/Content/EngineSky/T_Sky_Clouds_M.uasset" 366
"../../../Engine/Content/EngineSky/T_Sky_Stars.uasset" 367
"../../../Engine/Content/EngineSky/M_Sky_Panning_Clouds2.uasset" 368
"../../../Engine/Content/EngineSky/SM_SkySphere.uasset" 369
"../../../Engine/Content/EngineSky/BP_Sky_Sphere.uasset" 370
"../../../Engine/Content/TemplateResources/M_Template_Master.uasset" 371
"../../../Engine/Content/TemplateResources/MI_Template_BaseGray_03_Metal.uasset" 372
"C:/Users/Usuario/Desktop/Project_Doom/Content/AnimStarterPack/UE4_Mannequin/Materials/MaterialLayers/T_ML_Rubber_Blue_01_D.uasset" 373
"C:/Users/Usuario/Desktop/Project_Doom/Content/AnimStarterPack/UE4_Mannequin/Materials/MaterialLayers/T_ML_Rubber_Blue_01_N.uasset" 374
"C:/Users/Usuario/Desktop/Project_Doom/Content/AnimStarterPack/UE4_Mannequin/Materials/MaterialLayers/ML_GlossyBlack_Latex_UE4.uasset" 375
"C:/Users/Usuario/Desktop/Project_Doom/Content/AnimStarterPack/UE4_Mannequin/Materials/MaterialLayers/ML_Plastic_Shiny_Beige.uasset" 376
"C:/Users/Usuario/Desktop/Project_Doom/Content/AnimStarterPack/UE4_Mannequin/Textures/UE4_LOGO_CARD.uasset" 377
"C:/Users/Usuario/Desktop/Project_Doom/Content/AnimStarterPack/UE4_Mannequin/Materials/MaterialLayers/ML_Plastic_Shiny_Beige_LOGO.uasset" 378
"C:/Users/Usuario/Desktop/Project_Doom/Content/AnimStarterPack/UE4_Mannequin/Materials/MaterialLayers/T_ML_Aluminum01.uasset" 379
"C:/Users/Usuario/Desktop/Project_Doom/Content/AnimStarterPack/UE4_Mannequin/Materials/MaterialLayers/T_ML_Aluminum01_N.uasset" 380
"C:/Users/Usuario/Desktop/Project_Doom/Content/AnimStarterPack/UE4_Mannequin/Materials/MaterialLayers/ML_SoftMetal_UE4.uasset" 381
"C:/Users/Usuario/Desktop/Project_Doom/Content/AnimStarterPack/UE4_Mannequin/Textures/UE4_Mannequin__normals.uasset" 382
"C:/Users/Usuario/Desktop/Project_Doom/Content/AnimStarterPack/UE4_Mannequin/Textures/UE4_Mannequin_MAT_MASKA.uasset" 383
"C:/Users/Usuario/Desktop/Project_Doom/Content/AnimStarterPack/UE4_Mannequin/Textures/UE4_Mannequin_occlusion_Mobile.uasset" 384
"C:/Users/Usuario/Desktop/Project_Doom/Content/AnimStarterPack/UE4_Mannequin/Materials/M_UE4Man_Body.uasset" 385
"C:/Users/Usuario/Desktop/Project_Doom/Content/AnimStarterPack/UE4_Mannequin/Textures/UE4Man_Logo_N.uasset" 386
"C:/Users/Usuario/Desktop/Project_Doom/Content/AnimStarterPack/UE4_Mannequin/Materials/M_UE4Man_ChestLogo.uasset" 387
"C:/Users/Usuario/Desktop/Project_Doom/Content/AnimStarterPack/UE4_Mannequin/Mesh/SK_Mannequin_PhysicsAsset.uasset" 388
"C:/Users/Usuario/Desktop/Project_Doom/Content/AnimStarterPack/UE4_Mannequin/Mesh/SK_Mannequin.uasset" 389
"C:/Users/Usuario/Desktop/Project_Doom/Content/AnimStarterPack/Showcase.umap" 390
"C:/Users/Usuario/Desktop/Project_Doom/Content/Blueprints/Credits.uasset" 391
"C:/Users/Usuario/Desktop/Project_Doom/Content/Scenes/Credits.umap" 392
"C:/Users/Usuario/Desktop/Project_Doom/Content/Blueprints/Defeat.uasset" 393
"C:/Users/Usuario/Desktop/Project_Doom/Content/Scenes/Defeat.umap" 394
"C:/Users/Usuario/Desktop/Project_Doom/Content/AnimStarterPack/Idle_Rifle_Hip.uasset" 395
"C:/Users/Usuario/Desktop/Project_Doom/Content/AnimStarterPack/Jump_From_Jog.uasset" 396
"C:/Users/Usuario/Desktop/Project_Doom/Content/AnimStarterPack/Jump_From_Stand.uasset" 397
"C:/Users/Usuario/Desktop/Project_Doom/Content/AnimStarterPack/Crouch_Walk_Bwd_Rifle_Hip.uasset" 398
"C:/Users/Usuario/Desktop/Project_Doom/Content/AnimStarterPack/Crouch_Walk_Fwd_Rifle_Hip.uasset" 399
"C:/Users/Usuario/Desktop/Project_Doom/Content/AnimStarterPack/Crouch_Walk_Lt_Rifle_Hip.uasset" 400
"C:/Users/Usuario/Desktop/Project_Doom/Content/AnimStarterPack/Crouch_Walk_Rt_Rifle_Hip.uasset" 401
"C:/Users/Usuario/Desktop/Project_Doom/Content/AnimStarterPack/BS_CrouchWalk.uasset" 402
"C:/Users/Usuario/Desktop/Project_Doom/Content/AnimStarterPack/Jog_Bwd_Rifle.uasset" 403
"C:/Users/Usuario/Desktop/Project_Doom/Content/AnimStarterPack/Jog_Fwd_Rifle.uasset" 404
"C:/Users/Usuario/Desktop/Project_Doom/Content/AnimStarterPack/Jog_Lt_Rifle.uasset" 405
"C:/Users/Usuario/Desktop/Project_Doom/Content/AnimStarterPack/Jog_Rt_Rifle.uasset" 406
"C:/Users/Usuario/Desktop/Project_Doom/Content/AnimStarterPack/BS_Jog.uasset" 407
"C:/Users/Usuario/Desktop/Project_Doom/Content/AnimStarterPack/Ue4ASP_Character.uasset" 408
"C:/Users/Usuario/Desktop/Project_Doom/Content/AnimStarterPack/UE4ASP_HeroTPP_AnimBlueprint.uasset" 409
"C:/Users/Usuario/Desktop/Project_Doom/Content/StarterContent/Shapes/Shape_NarrowCapsule.uasset" 410
"C:/Users/Usuario/Desktop/Project_Doom/Content/Blueprints/BP_Bullet_Base.uasset" 411
"C:/Users/Usuario/Desktop/Project_Doom/Content/Character/Animations/idle_aiming.uasset" 412
"C:/Users/Usuario/Desktop/Project_Doom/Content/Character/Animations/run_backward_inPlace.uasset" 413
"C:/Users/Usuario/Desktop/Project_Doom/Content/Character/Animations/run_forward_inPlace.uasset" 414
"C:/Users/Usuario/Desktop/Project_Doom/Content/Character/Animations/run_left_inPlace.uasset" 415
"C:/Users/Usuario/Desktop/Project_Doom/Content/Character/Animations/run_right_inPlace.uasset" 416
"C:/Users/Usuario/Desktop/Project_Doom/Content/Character/Animations/walk_backward_inPlace.uasset" 417
"C:/Users/Usuario/Desktop/Project_Doom/Content/Character/Animations/walk_forward_inPlace.uasset" 418
"C:/Users/Usuario/Desktop/Project_Doom/Content/Character/Animations/walk_left_inPlace.uasset" 419
"C:/Users/Usuario/Desktop/Project_Doom/Content/Character/Animations/walk_right_inPlace.uasset" 420
"C:/Users/Usuario/Desktop/Project_Doom/Content/Character/Walk-Run_BS.uasset" 421
"C:/Users/Usuario/Desktop/Project_Doom/Content/Character/BP_Player_Anim.uasset" 422
"C:/Users/Usuario/Desktop/Project_Doom/Content/Blueprints/BP_Enemy_Bullet.uasset" 423
"C:/Users/Usuario/Desktop/Project_Doom/Content/Blueprints/BP_PainVolume.uasset" 424
"C:/Users/Usuario/Desktop/Project_Doom/Content/Blueprints/Weapon/Ak-47/AK_diffuse.uasset" 425
"C:/Users/Usuario/Desktop/Project_Doom/Content/Blueprints/Weapon/Ak-47/AK_normal.uasset" 426
"C:/Users/Usuario/Desktop/Project_Doom/Content/Blueprints/Weapon/Ak-47/AK_specular.uasset" 427
"C:/Users/Usuario/Desktop/Project_Doom/Content/Blueprints/Weapon/Ak-47/Ak-47_Mat.uasset" 428
"C:/Users/Usuario/Desktop/Project_Doom/Content/Blueprints/Weapon/Ak-47/AK_PhysicsAsset.uasset" 429
"C:/Users/Usuario/Desktop/Project_Doom/Content/Blueprints/Weapon/Ak-47/AK_Skeleton.uasset" 430
"C:/Users/Usuario/Desktop/Project_Doom/Content/Blueprints/Weapon/Ak-47/AK.uasset" 431
"C:/Users/Usuario/Desktop/Project_Doom/Content/Sounds/AK-47_Single_Shot_Sound_Effect.uasset" 432
"C:/Users/Usuario/Desktop/Project_Doom/Content/Blueprints/Weapon/Ak-47/Weapon_Base.uasset" 433
"C:/Users/Usuario/Desktop/Project_Doom/Content/Crosshair/DynamicCrossHair.uasset" 434
"C:/Users/Usuario/Desktop/Project_Doom/Content/Blueprints/BP_UI.uasset" 435
"C:/Users/Usuario/Desktop/Project_Doom/Content/Character/Soldier_Body_diffuse.uasset" 436
"C:/Users/Usuario/Desktop/Project_Doom/Content/Character/Soldier_Body_normal.uasset" 437
"C:/Users/Usuario/Desktop/Project_Doom/Content/Character/Soldier_Body_specular.uasset" 438
"C:/Users/Usuario/Desktop/Project_Doom/Content/Character/Soldier_body1.uasset" 439
"C:/Users/Usuario/Desktop/Project_Doom/Content/Character/Soldier_head_diffuse.uasset" 440
"C:/Users/Usuario/Desktop/Project_Doom/Content/Character/Soldier_head_normal.uasset" 441
"C:/Users/Usuario/Desktop/Project_Doom/Content/Character/Soldier_head_specular.uasset" 442
"C:/Users/Usuario/Desktop/Project_Doom/Content/Character/Soldier_head6.uasset" 443
"C:/Users/Usuario/Desktop/Project_Doom/Content/Character/Swat_PhysicsAsset.uasset" 444
"C:/Users/Usuario/Desktop/Project_Doom/Content/Character/Swat.uasset" 445
"C:/Users/Usuario/Desktop/Project_Doom/Content/Blueprints/BP_MyCharacter.uasset" 446
"C:/Users/Usuario/Desktop/Project_Doom/Content/Blueprints/BP_Enemy_Melee.uasset" 447
"C:/Users/Usuario/Desktop/Project_Doom/Content/Blueprints/BP_Boss.uasset" 448
"C:/Users/Usuario/Desktop/Project_Doom/Content/Blueprints/BP_Enemy1.uasset" 449
"C:/Users/Usuario/Desktop/Project_Doom/Content/Sounds/Pick_Ammo.uasset" 450
"C:/Users/Usuario/Desktop/Project_Doom/Content/StarterContent/Shapes/Shape_Sphere.uasset" 451
"C:/Users/Usuario/Desktop/Project_Doom/Content/Blueprints/AmmoPick.uasset" 452
"C:/Users/Usuario/Desktop/Project_Doom/Content/StarterContent/Props/SM_Chair.uasset" 453
"C:/Users/Usuario/Desktop/Project_Doom/Content/Blueprints/BP_Chair1.uasset" 454
"../../../Engine/Content/BasicShapes/BasicShapeMaterial.uasset" 455
"../../../Engine/Content/BasicShapes/Cube.uasset" 456
"C:/Users/Usuario/Desktop/Project_Doom/Content/Blueprints/Preassure_Plate_Chair.uasset" 457
"C:/Users/Usuario/Desktop/Project_Doom/Content/StarterContent/Textures/T_TableRound_M.uasset" 458
"C:/Users/Usuario/Desktop/Project_Doom/Content/StarterContent/Textures/T_TableRound_N.uasset" 459
"C:/Users/Usuario/Desktop/Project_Doom/Content/StarterContent/Props/Materials/M_TableRound.uasset" 460
"C:/Users/Usuario/Desktop/Project_Doom/Content/StarterContent/Props/SM_TableRound.uasset" 461
"C:/Users/Usuario/Desktop/Project_Doom/Content/Blueprints/BP_Table.uasset" 462
"C:/Users/Usuario/Desktop/Project_Doom/Content/Blueprints/Preassure_Plate_Table.uasset" 463
"C:/Users/Usuario/Desktop/Project_Doom/Content/Blueprints/Boos_Gates.uasset" 464
"C:/Users/Usuario/Desktop/Project_Doom/Content/Blueprints/BP_GameMode.uasset" 465
"C:/Users/Usuario/Desktop/Project_Doom/Content/Blueprints/HealthPack.uasset" 466
"C:/Users/Usuario/Desktop/Project_Doom/Content/Scenes/Level_1_BuiltData.uasset" 467
"C:/Users/Usuario/Desktop/Project_Doom/Content/StarterContent/Textures/T_Brick_Clay_Beveled_D.uasset" 468
"C:/Users/Usuario/Desktop/Project_Doom/Content/StarterContent/Textures/T_Brick_Clay_Beveled_M.uasset" 469
"C:/Users/Usuario/Desktop/Project_Doom/Content/StarterContent/Textures/T_Brick_Clay_Beveled_N.uasset" 470
"C:/Users/Usuario/Desktop/Project_Doom/Content/StarterContent/Textures/T_MacroVariation.uasset" 471
"C:/Users/Usuario/Desktop/Project_Doom/Content/StarterContent/Materials/M_Brick_Clay_Beveled.uasset" 472
"C:/Users/Usuario/Desktop/Project_Doom/Content/StarterContent/Textures/T_Brick_Clay_New_D.uasset" 473
"C:/Users/Usuario/Desktop/Project_Doom/Content/StarterContent/Textures/T_Brick_Clay_New_M.uasset" 474
"C:/Users/Usuario/Desktop/Project_Doom/Content/StarterContent/Textures/T_Brick_Clay_New_N.uasset" 475
"C:/Users/Usuario/Desktop/Project_Doom/Content/StarterContent/Materials/M_Brick_Clay_New.uasset" 476
"C:/Users/Usuario/Desktop/Project_Doom/Content/StarterContent/Materials/M_Metal_Brushed_Nickel.uasset" 477
"C:/Users/Usuario/Desktop/Project_Doom/Content/StarterContent/Textures/T_Metal_Copper_D.uasset" 478
"C:/Users/Usuario/Desktop/Project_Doom/Content/StarterContent/Textures/T_Metal_Gold_N.uasset" 479
"C:/Users/Usuario/Desktop/Project_Doom/Content/StarterContent/Materials/M_Metal_Copper.uasset" 480
"C:/Users/Usuario/Desktop/Project_Doom/Content/StarterContent/Textures/T_Wood_Oak_D.uasset" 481
"C:/Users/Usuario/Desktop/Project_Doom/Content/StarterContent/Textures/T_Wood_Oak_N.uasset" 482
"C:/Users/Usuario/Desktop/Project_Doom/Content/StarterContent/Materials/M_Wood_Oak.uasset" 483
"C:/Users/Usuario/Desktop/Project_Doom/Content/StarterContent/Architecture/Floor_400x400.uasset" 484
"C:/Users/Usuario/Desktop/Project_Doom/Content/StarterContent/Architecture/Wall_400x200.uasset" 485
"C:/Users/Usuario/Desktop/Project_Doom/Content/StarterContent/Architecture/Wall_500x500.uasset" 486
"C:/Users/Usuario/Desktop/Project_Doom/Content/StarterContent/Architecture/Wall_Door_400x300.uasset" 487
"C:/Users/Usuario/Desktop/Project_Doom/Content/StarterContent/Audio/Starter_Background_Cue.uasset" 488
"C:/Users/Usuario/Desktop/Project_Doom/Content/Scenes/Level_1.umap" 489
"C:/Users/Usuario/Desktop/Project_Doom/Content/Blueprints/Main_Menu.uasset" 490
"C:/Users/Usuario/Desktop/Project_Doom/Content/Scenes/Main_Menu.umap" 491
"C:/Users/Usuario/Desktop/Project_Doom/Content/Blueprints/Win.uasset" 492
"C:/Users/Usuario/Desktop/Project_Doom/Content/Scenes/Win.umap" 493
"C:/Users/Usuario/Desktop/Project_Doom/Content/StarterContent/Blueprints/Assets/FogBrightnessLUT.uasset" 494
"C:/Users/Usuario/Desktop/Project_Doom/Content/StarterContent/Blueprints/Assets/SunlightColorLUT.uasset" 495
"C:/Users/Usuario/Desktop/Project_Doom/Content/StarterContent/Blueprints/Assets/M_LightStage_Arrows.uasset" 496
"../../../Engine/Content/MapTemplates/Sky/DaylightAmbientCubemap.uasset" 497
"C:/Users/Usuario/Desktop/Project_Doom/Content/StarterContent/Blueprints/Assets/M_LightStage_Skybox_Master.uasset" 498
"C:/Users/Usuario/Desktop/Project_Doom/Content/StarterContent/Blueprints/Assets/M_LightStage_Skybox_Black.uasset" 499
"C:/Users/Usuario/Desktop/Project_Doom/Content/StarterContent/Blueprints/Assets/M_LightStage_Skybox_HDRI.uasset" 500
"../../../Engine/Content/EditorMaterials/Thumbnails/SkySphereMaterial.uasset" 501
"C:/Users/Usuario/Desktop/Project_Doom/Content/StarterContent/Blueprints/Assets/Skybox.uasset" 502
"C:/Users/Usuario/Desktop/Project_Doom/Content/StarterContent/Blueprints/Assets/SM_Arrows.uasset" 503
"C:/Users/Usuario/Desktop/Project_Doom/Content/StarterContent/HDRI/HDRI_Epic_Courtyard_Daylight.uasset" 504
"C:/Users/Usuario/Desktop/Project_Doom/Content/StarterContent/Blueprints/BP_LightStudio.uasset" 505
"C:/Users/Usuario/Desktop/Project_Doom/Content/StarterContent/Maps/Advanced_Lighting_BuiltData.uasset" 506
"C:/Users/Usuario/Desktop/Project_Doom/Content/StarterContent/Materials/M_AssetPlatform.uasset" 507
"../../../Engine/Content/EditorMeshes/ColorCalibrator/M_ChromeBall.uasset" 508
"../../../Engine/Content/EditorMeshes/ColorCalibrator/M_ClearCoat.uasset" 509
"../../../Engine/Content/EditorMeshes/ColorCalibrator/M_ClearCoatBlack.uasset" 510
"../../../Engine/Content/EditorMeshes/ColorCalibrator/Color_checker.uasset" 511
"../../../Engine/Content/EditorMeshes/ColorCalibrator/M_ColorGrid.uasset" 512
"../../../Engine/Content/EditorMeshes/ColorCalibrator/M_GreyBall.uasset" 513
"../../../Engine/Content/EditorMeshes/ColorCalibrator/SM_ColorCalibrator.uasset" 514
"C:/Users/Usuario/Desktop/Project_Doom/Content/StarterContent/Architecture/SM_AssetPlatform.uasset" 515
"C:/Users/Usuario/Desktop/Project_Doom/Content/StarterContent/Maps/Advanced_Lighting.umap" 516
"C:/Users/Usuario/Desktop/Project_Doom/Content/StarterContent/Maps/Level_1_BuiltData.uasset" 517
"C:/Users/Usuario/Desktop/Project_Doom/Content/StarterContent/Textures/T_Metal_Aluminum_D.uasset" 518
"C:/Users/Usuario/Desktop/Project_Doom/Content/StarterContent/Materials/M_Metal_Burnished_Steel.uasset" 519
"C:/Users/Usuario/Desktop/Project_Doom/Content/StarterContent/Textures/T_Statue_M.uasset" 520
"C:/Users/Usuario/Desktop/Project_Doom/Content/StarterContent/Textures/T_Statue_N.uasset" 521
"C:/Users/Usuario/Desktop/Project_Doom/Content/StarterContent/Props/Materials/M_StatueGlass.uasset" 522
"C:/Users/Usuario/Desktop/Project_Doom/Content/StarterContent/Props/Materials/M_Statue.uasset" 523
"C:/Users/Usuario/Desktop/Project_Doom/Content/StarterContent/Props/SM_Statue.uasset" 524
"C:/Users/Usuario/Desktop/Project_Doom/Content/StarterContent/Maps/Level_1.umap" 525
"C:/Users/Usuario/Desktop/Project_Doom/Content/StarterContent/Audio/Fire01_Cue.uasset" 526
"C:/Users/Usuario/Desktop/Project_Doom/Content/StarterContent/Textures/T_Fire_SubUV.uasset" 527
"C:/Users/Usuario/Desktop/Project_Doom/Content/StarterContent/Textures/T_Fire_Tiled_D.uasset" 528
"C:/Users/Usuario/Desktop/Project_Doom/Content/StarterContent/Particles/Materials/M_Fire_SubUV.uasset" 529
"C:/Users/Usuario/Desktop/Project_Doom/Content/StarterContent/Textures/T_Water_N.uasset" 530
"C:/Users/Usuario/Desktop/Project_Doom/Content/StarterContent/Particles/Materials/M_Heat_Distortion.uasset" 531
"C:/Users/Usuario/Desktop/Project_Doom/Content/StarterContent/Particles/Materials/M_Radial_Gradient.uasset" 532
"C:/Users/Usuario/Desktop/Project_Doom/Content/StarterContent/Particles/P_Fire.uasset" 533
"C:/Users/Usuario/Desktop/Project_Doom/Content/StarterContent/Blueprints/Blueprint_Effect_Fire.uasset" 534
"C:/Users/Usuario/Desktop/Project_Doom/Content/StarterContent/Audio/Smoke01_Cue.uasset" 535
"C:/Users/Usuario/Desktop/Project_Doom/Content/StarterContent/Particles/P_Smoke.uasset" 536
"C:/Users/Usuario/Desktop/Project_Doom/Content/StarterContent/Blueprints/Blueprint_Effect_Smoke.uasset" 537
"C:/Users/Usuario/Desktop/Project_Doom/Content/StarterContent/Audio/Fire_Sparks01_Cue.uasset" 538
"C:/Users/Usuario/Desktop/Project_Doom/Content/StarterContent/Textures/T_Spark_Core.uasset" 539
"C:/Users/Usuario/Desktop/Project_Doom/Content/StarterContent/Particles/Materials/M_Spark.uasset" 540
"C:/Users/Usuario/Desktop/Project_Doom/Content/StarterContent/Particles/P_Sparks.uasset" 541
"C:/Users/Usuario/Desktop/Project_Doom/Content/StarterContent/Blueprints/Blueprint_Effect_Sparks.uasset" 542
"C:/Users/Usuario/Desktop/Project_Doom/Content/StarterContent/Audio/Steam01_Cue.uasset" 543
"C:/Users/Usuario/Desktop/Project_Doom/Content/StarterContent/Particles/P_Steam_Lit.uasset" 544
"C:/Users/Usuario/Desktop/Project_Doom/Content/StarterContent/Blueprints/Blueprint_Effect_Steam.uasset" 545
"C:/Users/Usuario/Desktop/Project_Doom/Content/StarterContent/Textures/T_Lamp_M.uasset" 546
"C:/Users/Usuario/Desktop/Project_Doom/Content/StarterContent/Textures/T_Lamp_N.uasset" 547
"C:/Users/Usuario/Desktop/Project_Doom/Content/StarterContent/Props/Materials/M_Lamp.uasset" 548
"C:/Users/Usuario/Desktop/Project_Doom/Content/StarterContent/Props/SM_Lamp_Ceiling.uasset" 549
"C:/Users/Usuario/Desktop/Project_Doom/Content/StarterContent/Blueprints/Blueprint_CeilingLight.uasset" 550
"C:/Users/Usuario/Desktop/Project_Doom/Content/StarterContent/Props/SM_Lamp_Wall.uasset" 551
"C:/Users/Usuario/Desktop/Project_Doom/Content/StarterContent/Blueprints/Blueprint_WallSconce.uasset" 552
"C:/Users/Usuario/Desktop/Project_Doom/Content/StarterContent/Maps/StarterMap_BuiltData.uasset" 553
"../../../Engine/Content/Functions/Engine_MaterialFunctions03/Procedurals/ComputeFilterWidth.uasset" 554
"../../../Engine/Content/EngineMaterials/AntiAliasedTextMaterialTranslucent.uasset" 555
"C:/Users/Usuario/Desktop/Project_Doom/Content/StarterContent/Textures/T_Brick_Clay_Old_D.uasset" 556
"C:/Users/Usuario/Desktop/Project_Doom/Content/StarterContent/Textures/T_Brick_Clay_Old_N.uasset" 557
"C:/Users/Usuario/Desktop/Project_Doom/Content/StarterContent/Textures/T_Perlin_Noise_M.uasset" 558
"C:/Users/Usuario/Desktop/Project_Doom/Content/StarterContent/Materials/M_Brick_Clay_Old.uasset" 559
"C:/Users/Usuario/Desktop/Project_Doom/Content/StarterContent/Textures/T_Brick_Cut_Stone_D.uasset" 560
"C:/Users/Usuario/Desktop/Project_Doom/Content/StarterContent/Textures/T_Brick_Cut_Stone_N.uasset" 561
"C:/Users/Usuario/Desktop/Project_Doom/Content/StarterContent/Materials/M_Brick_Cut_Stone.uasset" 562
"C:/Users/Usuario/Desktop/Project_Doom/Content/StarterContent/Textures/T_Brick_Hewn_Stone_D.uasset" 563
"C:/Users/Usuario/Desktop/Project_Doom/Content/StarterContent/Textures/T_Brick_Hewn_Stone_M.uasset" 564
"C:/Users/Usuario/Desktop/Project_Doom/Content/StarterContent/Textures/T_Brick_Hewn_Stone_N.uasset" 565
"C:/Users/Usuario/Desktop/Project_Doom/Content/StarterContent/Materials/M_Brick_Hewn_Stone.uasset" 566
"C:/Users/Usuario/Desktop/Project_Doom/Content/StarterContent/Textures/T_Ceramic_Tile_M.uasset" 567
"C:/Users/Usuario/Desktop/Project_Doom/Content/StarterContent/Textures/T_Ceramic_Tile_N.uasset" 568
"C:/Users/Usuario/Desktop/Project_Doom/Content/StarterContent/Textures/T_Rock_Marble_Polished_D.uasset" 569
"C:/Users/Usuario/Desktop/Project_Doom/Content/StarterContent/Materials/M_Ceramic_Tile_Checker.uasset" 570
"C:/Users/Usuario/Desktop/Project_Doom/Content/StarterContent/Textures/T_CobbleStone_Pebble_D.uasset" 571
"C:/Users/Usuario/Desktop/Project_Doom/Content/StarterContent/Textures/T_CobbleStone_Pebble_M.uasset" 572
"C:/Users/Usuario/Desktop/Project_Doom/Content/StarterContent/Textures/T_CobbleStone_Pebble_N.uasset" 573
"C:/Users/Usuario/Desktop/Project_Doom/Content/StarterContent/Materials/M_CobbleStone_Pebble.uasset" 574
"C:/Users/Usuario/Desktop/Project_Doom/Content/StarterContent/Textures/T_CobbleStone_Rough_D.uasset" 575
"C:/Users/Usuario/Desktop/Project_Doom/Content/StarterContent/Textures/T_CobbleStone_Rough_N.uasset" 576
"C:/Users/Usuario/Desktop/Project_Doom/Content/StarterContent/Textures/T_Gradinet_01.uasset" 577
"C:/Users/Usuario/Desktop/Project_Doom/Content/StarterContent/Textures/T_Rock_Smooth_Granite_D.uasset" 578
"C:/Users/Usuario/Desktop/Project_Doom/Content/StarterContent/Materials/M_CobbleStone_Rough.uasset" 579
"C:/Users/Usuario/Desktop/Project_Doom/Content/StarterContent/Textures/T_CobbleStone_Smooth_D.uasset" 580
"C:/Users/Usuario/Desktop/Project_Doom/Content/StarterContent/Textures/T_CobbleStone_Smooth_M.uasset" 581
"C:/Users/Usuario/Desktop/Project_Doom/Content/StarterContent/Textures/T_CobbleStone_Smooth_N.uasset" 582
"C:/Users/Usuario/Desktop/Project_Doom/Content/StarterContent/Materials/M_CobbleStone_Smooth.uasset" 583
"C:/Users/Usuario/Desktop/Project_Doom/Content/StarterContent/Textures/T_Concrete_Grime_D.uasset" 584
"C:/Users/Usuario/Desktop/Project_Doom/Content/StarterContent/Textures/T_Metal_Rust_N.uasset" 585
"C:/Users/Usuario/Desktop/Project_Doom/Content/StarterContent/Materials/M_Concrete_Grime.uasset" 586
"C:/Users/Usuario/Desktop/Project_Doom/Content/StarterContent/Textures/T_Concrete_Panels_D.uasset" 587
"C:/Users/Usuario/Desktop/Project_Doom/Content/StarterContent/Textures/T_Concrete_Panels_N.uasset" 588
"C:/Users/Usuario/Desktop/Project_Doom/Content/StarterContent/Materials/M_Concrete_Panels.uasset" 589
"C:/Users/Usuario/Desktop/Project_Doom/Content/StarterContent/Textures/T_Concrete_Poured_D.uasset" 590
"C:/Users/Usuario/Desktop/Project_Doom/Content/StarterContent/Textures/T_Concrete_Poured_N.uasset" 591
"C:/Users/Usuario/Desktop/Project_Doom/Content/StarterContent/Materials/M_Concrete_Poured.uasset" 592
"C:/Users/Usuario/Desktop/Project_Doom/Content/StarterContent/Textures/T_Concrete_Tiles_D.uasset" 593
"C:/Users/Usuario/Desktop/Project_Doom/Content/StarterContent/Textures/T_Concrete_Tiles_M.uasset" 594
"C:/Users/Usuario/Desktop/Project_Doom/Content/StarterContent/Textures/T_Concrete_Tiles_N.uasset" 595
"C:/Users/Usuario/Desktop/Project_Doom/Content/StarterContent/Textures/T_Concrete_Tiles_Variation_M.uasset" 596
"C:/Users/Usuario/Desktop/Project_Doom/Content/StarterContent/Materials/M_Concrete_Tiles.uasset" 597
"C:/Users/Usuario/Desktop/Project_Doom/Content/StarterContent/Textures/T_Ground_Grass_D.uasset" 598
"C:/Users/Usuario/Desktop/Project_Doom/Content/StarterContent/Textures/T_Ground_Grass_N.uasset" 599
"C:/Users/Usuario/Desktop/Project_Doom/Content/StarterContent/Materials/M_Ground_Grass.uasset" 600
"C:/Users/Usuario/Desktop/Project_Doom/Content/StarterContent/Textures/T_Ground_Gravel_D.uasset" 601
"C:/Users/Usuario/Desktop/Project_Doom/Content/StarterContent/Textures/T_Ground_Gravel_N.uasset" 602
"C:/Users/Usuario/Desktop/Project_Doom/Content/StarterContent/Materials/M_Ground_Gravel.uasset" 603
"C:/Users/Usuario/Desktop/Project_Doom/Content/StarterContent/Textures/T_ground_Moss_D.uasset" 604
"C:/Users/Usuario/Desktop/Project_Doom/Content/StarterContent/Textures/T_Ground_Moss_N.uasset" 605
"C:/Users/Usuario/Desktop/Project_Doom/Content/StarterContent/Materials/M_Ground_Moss.uasset" 606
"C:/Users/Usuario/Desktop/Project_Doom/Content/StarterContent/Materials/M_Metal_Chrome.uasset" 607
"C:/Users/Usuario/Desktop/Project_Doom/Content/StarterContent/Textures/T_Metal_Gold_D.uasset" 608
"C:/Users/Usuario/Desktop/Project_Doom/Content/StarterContent/Materials/M_Metal_Gold.uasset" 609
"C:/Users/Usuario/Desktop/Project_Doom/Content/StarterContent/Textures/T_Metal_Rust_D.uasset" 610
"C:/Users/Usuario/Desktop/Project_Doom/Content/StarterContent/Materials/M_Metal_Rust.uasset" 611
"C:/Users/Usuario/Desktop/Project_Doom/Content/StarterContent/Textures/T_Metal_Steel_D.uasset" 612
"C:/Users/Usuario/Desktop/Project_Doom/Content/StarterContent/Textures/T_Metal_Steel_N.uasset" 613
"C:/Users/Usuario/Desktop/Project_Doom/Content/StarterContent/Materials/M_Metal_Steel.uasset" 614
"C:/Users/Usuario/Desktop/Project_Doom/Content/StarterContent/Textures/T_Rock_Basalt_N.uasset" 615
"C:/Users/Usuario/Desktop/Project_Doom/Content/StarterContent/Materials/M_Rock_Basalt.uasset" 616
"C:/Users/Usuario/Desktop/Project_Doom/Content/StarterContent/Materials/M_Rock_Marble_Polished.uasset" 617
"C:/Users/Usuario/Desktop/Project_Doom/Content/StarterContent/Textures/T_Rock_Sandstone_D.uasset" 618
"C:/Users/Usuario/Desktop/Project_Doom/Content/StarterContent/Textures/T_Rock_Sandstone_N.uasset" 619
"C:/Users/Usuario/Desktop/Project_Doom/Content/StarterContent/Materials/M_Rock_Sandstone.uasset" 620
"C:/Users/Usuario/Desktop/Project_Doom/Content/StarterContent/Textures/T_Rock_Slate_D.uasset" 621
"C:/Users/Usuario/Desktop/Project_Doom/Content/StarterContent/Textures/T_Rock_Slate_N.uasset" 622
"C:/Users/Usuario/Desktop/Project_Doom/Content/StarterContent/Materials/M_Rock_Slate.uasset" 623
"C:/Users/Usuario/Desktop/Project_Doom/Content/StarterContent/Textures/T_Checker_Noise_M.uasset" 624
"C:/Users/Usuario/Desktop/Project_Doom/Content/StarterContent/Textures/T_Single_Tile_N.uasset" 625
"C:/Users/Usuario/Desktop/Project_Doom/Content/StarterContent/Textures/T_Tech_Dot_M.uasset" 626
"C:/Users/Usuario/Desktop/Project_Doom/Content/StarterContent/Textures/T_Tech_Dot_N.uasset" 627
"C:/Users/Usuario/Desktop/Project_Doom/Content/StarterContent/Materials/M_Tech_Checker_Dot.uasset" 628
"C:/Users/Usuario/Desktop/Project_Doom/Content/StarterContent/Textures/T_Tech_Hex_Tile_M.uasset" 629
"C:/Users/Usuario/Desktop/Project_Doom/Content/StarterContent/Textures/T_Tech_Hex_Tile_N.uasset" 630
"C:/Users/Usuario/Desktop/Project_Doom/Content/StarterContent/Materials/M_Tech_Hex_Tile.uasset" 631
"C:/Users/Usuario/Desktop/Project_Doom/Content/StarterContent/Materials/M_Tech_Hex_Tile_Pulse.uasset" 632
"C:/Users/Usuario/Desktop/Project_Doom/Content/StarterContent/Textures/T_Tech_Panel_M.uasset" 633
"C:/Users/Usuario/Desktop/Project_Doom/Content/StarterContent/Textures/T_Tech_Panel_N.uasset" 634
"C:/Users/Usuario/Desktop/Project_Doom/Content/StarterContent/Materials/M_Tech_Panel.uasset" 635
"C:/Users/Usuario/Desktop/Project_Doom/Content/StarterContent/Materials/M_Water_Lake.uasset" 636
"C:/Users/Usuario/Desktop/Project_Doom/Content/StarterContent/Textures/T_Water_M.uasset" 637
"C:/Users/Usuario/Desktop/Project_Doom/Content/StarterContent/Materials/M_Water_Ocean.uasset" 638
"C:/Users/Usuario/Desktop/Project_Doom/Content/StarterContent/Textures/T_Wood_Floor_Walnut_D.uasset" 639
"C:/Users/Usuario/Desktop/Project_Doom/Content/StarterContent/Textures/T_Wood_Floor_Walnut_M.uasset" 640
"C:/Users/Usuario/Desktop/Project_Doom/Content/StarterContent/Textures/T_Wood_Floor_Walnut_N.uasset" 641
"C:/Users/Usuario/Desktop/Project_Doom/Content/StarterContent/Materials/M_Wood_Floor_Walnut_Polished.uasset" 642
"../../../Engine/Content/Functions/Engine_MaterialFunctions01/Opacity/AlphaOffset.uasset" 643
"C:/Users/Usuario/Desktop/Project_Doom/Content/StarterContent/Materials/M_Wood_Floor_Walnut_Worn.uasset" 644
"C:/Users/Usuario/Desktop/Project_Doom/Content/StarterContent/Textures/T_Wood_Pine_D.uasset" 645
"C:/Users/Usuario/Desktop/Project_Doom/Content/StarterContent/Textures/T_Wood_Pine_N.uasset" 646
"C:/Users/Usuario/Desktop/Project_Doom/Content/StarterContent/Materials/M_Wood_Pine.uasset" 647
"C:/Users/Usuario/Desktop/Project_Doom/Content/StarterContent/Textures/T_Wood_Walnut_D.uasset" 648
"C:/Users/Usuario/Desktop/Project_Doom/Content/StarterContent/Textures/T_Wood_Walnut_N.uasset" 649
"C:/Users/Usuario/Desktop/Project_Doom/Content/StarterContent/Materials/M_Wood_Walnut.uasset" 650
"C:/Users/Usuario/Desktop/Project_Doom/Content/StarterContent/Architecture/Wall_Window_400x300.uasset" 651
"C:/Users/Usuario/Desktop/Project_Doom/Content/StarterContent/Audio/Collapse_Cue.uasset" 652
"C:/Users/Usuario/Desktop/Project_Doom/Content/StarterContent/Audio/Starter_Music_Cue.uasset" 653
"C:/Users/Usuario/Desktop/Project_Doom/Content/StarterContent/Textures/T_Dust_Particle_D.uasset" 654
"C:/Users/Usuario/Desktop/Project_Doom/Content/StarterContent/Particles/Materials/M_Dust_Particle.uasset" 655
"C:/Users/Usuario/Desktop/Project_Doom/Content/StarterContent/Particles/P_Ambient_Dust.uasset" 656
"C:/Users/Usuario/Desktop/Project_Doom/Content/StarterContent/Props/MaterialSphere.uasset" 657
"C:/Users/Usuario/Desktop/Project_Doom/Content/StarterContent/Textures/T_Frame_M.uasset" 658
"C:/Users/Usuario/Desktop/Project_Doom/Content/StarterContent/Textures/T_Frame_N.uasset" 659
"C:/Users/Usuario/Desktop/Project_Doom/Content/StarterContent/Props/Materials/M_Frame.uasset" 660
"C:/Users/Usuario/Desktop/Project_Doom/Content/StarterContent/Props/SM_CornerFrame.uasset" 661
"C:/Users/Usuario/Desktop/Project_Doom/Content/StarterContent/Props/SM_DoorFrame.uasset" 662
"C:/Users/Usuario/Desktop/Project_Doom/Content/StarterContent/Props/SM_GlassWindow.uasset" 663
"C:/Users/Usuario/Desktop/Project_Doom/Content/StarterContent/Props/SM_PillarFrame.uasset" 664
"C:/Users/Usuario/Desktop/Project_Doom/Content/StarterContent/Props/SM_PillarFrame300.uasset" 665
"C:/Users/Usuario/Desktop/Project_Doom/Content/StarterContent/Props/SM_WindowFrame.uasset" 666
"C:/Users/Usuario/Desktop/Project_Doom/Content/StarterContent/Shapes/Shape_Cube.uasset" 667
"C:/Users/Usuario/Desktop/Project_Doom/Content/StarterContent/Shapes/Shape_QuadPyramid.uasset" 668
"C:/Users/Usuario/Desktop/Project_Doom/Content/StarterContent/Maps/StarterMap.umap" 669
"../../../Engine/Content/Maps/Entry_BuiltData.uasset" 670
"../../../Engine/Content/Maps/Entry.umap" 671
